<?xml version="1.0" encoding="UTF-8"?>
<testng-results ignored="0" total="1" passed="1" failed="0" skipped="0">
  <reporter-output>
  </reporter-output>
  <suite started-at="2025-06-25T11:10:39 IST" name="Default suite" finished-at="2025-06-25T11:11:29 IST" duration-ms="49747">
    <groups>
    </groups>
    <test started-at="2025-06-25T11:10:39 IST" name="Default test" finished-at="2025-06-25T11:11:29 IST" duration-ms="49747">
      <class name="Others.Flipkart_ReturnDataBackToExcel">
        <test-method signature="Amazon()[pri:0, instance:Others.Flipkart_ReturnDataBackToExcel@351d00c0]" started-at="2025-06-25T11:10:39 IST" name="Amazon" finished-at="2025-06-25T11:11:29 IST" duration-ms="49686" status="PASS">
          <reporter-output>
          </reporter-output>
        </test-method> <!-- Amazon -->
      </class> <!-- Others.Flipkart_ReturnDataBackToExcel -->
    </test> <!-- Default test -->
  </suite> <!-- Default suite -->
</testng-results>
